{"/Users/i585624/Library/CloudStorage/OneDrive-SAPSE/Documents/Projects/autofin/src/controller/add_transaction.controller.tsx": {"path":"/Users/i585624/Library/CloudStorage/OneDrive-SAPSE/Documents/Projects/autofin/src/controller/add_transaction.controller.tsx","statementMap":{"0":{"start":{"line":1,"column":0},"end":{"line":1,"column":98}},"1":{"start":{"line":2,"column":0},"end":{"line":2,"column":59}},"2":{"start":{"line":5,"column":0},"end":{"line":5,"column":51}},"3":{"start":{"line":58,"column":8},"end":{"line":58,"column":30}},"4":{"start":{"line":60,"column":32},"end":{"line":60,"column":70}},"5":{"start":{"line":61,"column":8},"end":{"line":61,"column":46}},"6":{"start":{"line":63,"column":26},"end":{"line":63,"column":67}},"7":{"start":{"line":64,"column":8},"end":{"line":64,"column":37}},"8":{"start":{"line":66,"column":31},"end":{"line":66,"column":72}},"9":{"start":{"line":67,"column":8},"end":{"line":67,"column":43}},"10":{"start":{"line":69,"column":29},"end":{"line":69,"column":68}},"11":{"start":{"line":70,"column":8},"end":{"line":70,"column":39}},"12":{"start":{"line":72,"column":8},"end":{"line":72,"column":31}},"13":{"start":{"line":76,"column":8},"end":{"line":78,"column":11}},"14":{"start":{"line":77,"column":12},"end":{"line":77,"column":null}},"15":{"start":{"line":82,"column":8},"end":{"line":84,"column":9}},"16":{"start":{"line":83,"column":12},"end":{"line":83,"column":31}},"17":{"start":{"line":91,"column":8},"end":{"line":94,"column":9}},"18":{"start":{"line":92,"column":12},"end":{"line":92,"column":78}},"19":{"start":{"line":92,"column":47},"end":{"line":92,"column":71}},"20":{"start":{"line":93,"column":12},"end":{"line":93,"column":74}},"21":{"start":{"line":93,"column":48},"end":{"line":93,"column":66}},"22":{"start":{"line":96,"column":8},"end":{"line":99,"column":null}},"23":{"start":{"line":97,"column":12},"end":{"line":97,"column":42}},"24":{"start":{"line":98,"column":12},"end":{"line":98,"column":43}},"25":{"start":{"line":103,"column":20},"end":{"line":103,"column":30}},"26":{"start":{"line":104,"column":27},"end":{"line":104,"column":46}},"27":{"start":{"line":105,"column":8},"end":{"line":105,"column":null}},"28":{"start":{"line":106,"column":8},"end":{"line":106,"column":35}},"29":{"start":{"line":116,"column":25},"end":{"line":116,"column":57}},"30":{"start":{"line":118,"column":8},"end":{"line":123,"column":9}},"31":{"start":{"line":119,"column":12},"end":{"line":119,"column":56}},"32":{"start":{"line":120,"column":12},"end":{"line":120,"column":39}},"33":{"start":{"line":122,"column":12},"end":{"line":122,"column":40}},"34":{"start":{"line":7,"column":0},"end":{"line":7,"column":21}}},"fnMap":{"0":{"name":"(anonymous_0)","decl":{"start":{"line":57,"column":4},"end":{"line":57,"column":9}},"loc":{"start":{"line":57,"column":20},"end":{"line":73,"column":5}}},"1":{"name":"(anonymous_1)","decl":{"start":{"line":75,"column":4},"end":{"line":75,"column":23}},"loc":{"start":{"line":75,"column":50},"end":{"line":79,"column":5}}},"2":{"name":"(anonymous_2)","decl":{"start":{"line":76,"column":27},"end":{"line":76,"column":28}},"loc":{"start":{"line":76,"column":38},"end":{"line":78,"column":9}}},"3":{"name":"(anonymous_3)","decl":{"start":{"line":81,"column":4},"end":{"line":81,"column":22}},"loc":{"start":{"line":81,"column":22},"end":{"line":85,"column":5}}},"4":{"name":"(anonymous_4)","decl":{"start":{"line":87,"column":4},"end":{"line":87,"column":19}},"loc":{"start":{"line":87,"column":47},"end":{"line":100,"column":5}}},"5":{"name":"(anonymous_5)","decl":{"start":{"line":92,"column":41},"end":{"line":92,"column":44}},"loc":{"start":{"line":92,"column":47},"end":{"line":92,"column":71}}},"6":{"name":"(anonymous_6)","decl":{"start":{"line":93,"column":42},"end":{"line":93,"column":45}},"loc":{"start":{"line":93,"column":48},"end":{"line":93,"column":66}}},"7":{"name":"(anonymous_7)","decl":{"start":{"line":96,"column":15},"end":{"line":96,"column":18}},"loc":{"start":{"line":96,"column":20},"end":{"line":99,"column":9}}},"8":{"name":"(anonymous_8)","decl":{"start":{"line":102,"column":4},"end":{"line":102,"column":14}},"loc":{"start":{"line":102,"column":14},"end":{"line":107,"column":5}}},"9":{"name":"(anonymous_9)","decl":{"start":{"line":115,"column":4},"end":{"line":115,"column":23}},"loc":{"start":{"line":115,"column":36},"end":{"line":124,"column":5}}}},"branchMap":{"0":{"loc":{"start":{"line":82,"column":8},"end":{"line":84,"column":9}},"type":"if","locations":[{"start":{"line":82,"column":8},"end":{"line":84,"column":9}},{"start":{},"end":{}}]},"1":{"loc":{"start":{"line":91,"column":8},"end":{"line":94,"column":9}},"type":"if","locations":[{"start":{"line":91,"column":8},"end":{"line":94,"column":9}},{"start":{},"end":{}}]},"2":{"loc":{"start":{"line":118,"column":8},"end":{"line":123,"column":9}},"type":"if","locations":[{"start":{"line":118,"column":8},"end":{"line":123,"column":9}},{"start":{"line":121,"column":15},"end":{"line":123,"column":9}}]}},"s":{"0":1,"1":1,"2":1,"3":1,"4":1,"5":1,"6":1,"7":1,"8":1,"9":1,"10":1,"11":1,"12":1,"13":2,"14":4,"15":3,"16":2,"17":2,"18":1,"19":1,"20":1,"21":1,"22":2,"23":2,"24":2,"25":1,"26":1,"27":1,"28":1,"29":0,"30":0,"31":0,"32":0,"33":0,"34":1},"f":{"0":1,"1":2,"2":4,"3":3,"4":2,"5":1,"6":1,"7":2,"8":1,"9":0},"b":{"0":[2,1],"1":[1,1],"2":[0,0]}}
,"/Users/i585624/Library/CloudStorage/OneDrive-SAPSE/Documents/Projects/autofin/src/services/database.service.tsx": {"path":"/Users/i585624/Library/CloudStorage/OneDrive-SAPSE/Documents/Projects/autofin/src/services/database.service.tsx","statementMap":{"0":{"start":{"line":2,"column":36},"end":{"line":2,"column":59}},"1":{"start":{"line":5,"column":8},"end":{"line":11,"column":9}},"2":{"start":{"line":6,"column":24},"end":{"line":6,"column":60}},"3":{"start":{"line":7,"column":12},"end":{"line":7,"column":26}},"4":{"start":{"line":9,"column":12},"end":{"line":9,"column":55}},"5":{"start":{"line":10,"column":12},"end":{"line":10,"column":25}},"6":{"start":{"line":15,"column":8},"end":{"line":17,"column":17}},"7":{"start":{"line":16,"column":21},"end":{"line":16,"column":31}},"8":{"start":{"line":21,"column":8},"end":{"line":23,"column":17}},"9":{"start":{"line":22,"column":21},"end":{"line":22,"column":31}},"10":{"start":{"line":27,"column":8},"end":{"line":29,"column":17}},"11":{"start":{"line":28,"column":21},"end":{"line":28,"column":31}},"12":{"start":{"line":33,"column":8},"end":{"line":35,"column":17}},"13":{"start":{"line":34,"column":21},"end":{"line":34,"column":31}},"14":{"start":{"line":39,"column":8},"end":{"line":41,"column":17}},"15":{"start":{"line":40,"column":21},"end":{"line":40,"column":31}},"16":{"start":{"line":45,"column":8},"end":{"line":47,"column":17}},"17":{"start":{"line":46,"column":21},"end":{"line":46,"column":31}},"18":{"start":{"line":51,"column":8},"end":{"line":53,"column":17}},"19":{"start":{"line":52,"column":21},"end":{"line":52,"column":31}},"20":{"start":{"line":1,"column":0},"end":{"line":1,"column":21}}},"fnMap":{"0":{"name":"(anonymous_0)","decl":{"start":{"line":4,"column":4},"end":{"line":4,"column":10}},"loc":{"start":{"line":4,"column":26},"end":{"line":12,"column":5}}},"1":{"name":"(anonymous_1)","decl":{"start":{"line":14,"column":4},"end":{"line":14,"column":10}},"loc":{"start":{"line":14,"column":32},"end":{"line":18,"column":5}}},"2":{"name":"(anonymous_2)","decl":{"start":{"line":16,"column":14},"end":{"line":16,"column":17}},"loc":{"start":{"line":16,"column":21},"end":{"line":16,"column":31}}},"3":{"name":"(anonymous_3)","decl":{"start":{"line":20,"column":4},"end":{"line":20,"column":10}},"loc":{"start":{"line":20,"column":27},"end":{"line":24,"column":5}}},"4":{"name":"(anonymous_4)","decl":{"start":{"line":22,"column":14},"end":{"line":22,"column":17}},"loc":{"start":{"line":22,"column":21},"end":{"line":22,"column":31}}},"5":{"name":"(anonymous_5)","decl":{"start":{"line":26,"column":4},"end":{"line":26,"column":10}},"loc":{"start":{"line":26,"column":31},"end":{"line":30,"column":5}}},"6":{"name":"(anonymous_6)","decl":{"start":{"line":28,"column":14},"end":{"line":28,"column":17}},"loc":{"start":{"line":28,"column":21},"end":{"line":28,"column":31}}},"7":{"name":"(anonymous_7)","decl":{"start":{"line":32,"column":4},"end":{"line":32,"column":10}},"loc":{"start":{"line":32,"column":28},"end":{"line":36,"column":5}}},"8":{"name":"(anonymous_8)","decl":{"start":{"line":34,"column":14},"end":{"line":34,"column":17}},"loc":{"start":{"line":34,"column":21},"end":{"line":34,"column":31}}},"9":{"name":"(anonymous_9)","decl":{"start":{"line":38,"column":4},"end":{"line":38,"column":10}},"loc":{"start":{"line":38,"column":32},"end":{"line":42,"column":5}}},"10":{"name":"(anonymous_10)","decl":{"start":{"line":40,"column":14},"end":{"line":40,"column":17}},"loc":{"start":{"line":40,"column":21},"end":{"line":40,"column":31}}},"11":{"name":"(anonymous_11)","decl":{"start":{"line":44,"column":4},"end":{"line":44,"column":10}},"loc":{"start":{"line":44,"column":30},"end":{"line":48,"column":5}}},"12":{"name":"(anonymous_12)","decl":{"start":{"line":46,"column":14},"end":{"line":46,"column":17}},"loc":{"start":{"line":46,"column":21},"end":{"line":46,"column":31}}},"13":{"name":"(anonymous_13)","decl":{"start":{"line":50,"column":4},"end":{"line":50,"column":10}},"loc":{"start":{"line":50,"column":34},"end":{"line":54,"column":5}}},"14":{"name":"(anonymous_14)","decl":{"start":{"line":52,"column":14},"end":{"line":52,"column":17}},"loc":{"start":{"line":52,"column":21},"end":{"line":52,"column":31}}}},"branchMap":{},"s":{"0":1,"1":0,"2":0,"3":0,"4":0,"5":0,"6":0,"7":0,"8":0,"9":0,"10":0,"11":0,"12":0,"13":0,"14":0,"15":0,"16":0,"17":0,"18":0,"19":0,"20":1},"f":{"0":0,"1":0,"2":0,"3":0,"4":0,"5":0,"6":0,"7":0,"8":0,"9":0,"10":0,"11":0,"12":0,"13":0,"14":0},"b":{}}
}
