{"C:\\Users\\I585624\\OneDrive - SAP SE\\Documents\\Projects\\autofin\\src\\controller\\add_transaction.controller.tsx": {"path":"C:\\Users\\I585624\\OneDrive - SAP SE\\Documents\\Projects\\autofin\\src\\controller\\add_transaction.controller.tsx","statementMap":{"0":{"start":{"line":1,"column":0},"end":{"line":1,"column":85}},"1":{"start":{"line":2,"column":0},"end":{"line":2,"column":98}},"2":{"start":{"line":3,"column":0},"end":{"line":3,"column":59}},"3":{"start":{"line":49,"column":8},"end":{"line":51,"column":11}},"4":{"start":{"line":50,"column":12},"end":{"line":50,"column":null}},"5":{"start":{"line":55,"column":8},"end":{"line":57,"column":9}},"6":{"start":{"line":56,"column":12},"end":{"line":56,"column":31}},"7":{"start":{"line":64,"column":8},"end":{"line":72,"column":11}},"8":{"start":{"line":65,"column":12},"end":{"line":71,"column":13}},"9":{"start":{"line":66,"column":16},"end":{"line":66,"column":82}},"10":{"start":{"line":66,"column":51},"end":{"line":66,"column":75}},"11":{"start":{"line":67,"column":16},"end":{"line":67,"column":78}},"12":{"start":{"line":67,"column":52},"end":{"line":67,"column":70}},"13":{"start":{"line":69,"column":34},"end":{"line":69,"column":68}},"14":{"start":{"line":70,"column":16},"end":{"line":70,"column":45}},"15":{"start":{"line":74,"column":8},"end":{"line":77,"column":null}},"16":{"start":{"line":75,"column":12},"end":{"line":75,"column":42}},"17":{"start":{"line":76,"column":12},"end":{"line":76,"column":43}},"18":{"start":{"line":81,"column":20},"end":{"line":81,"column":30}},"19":{"start":{"line":82,"column":27},"end":{"line":82,"column":46}},"20":{"start":{"line":83,"column":8},"end":{"line":83,"column":null}},"21":{"start":{"line":84,"column":8},"end":{"line":84,"column":35}},"22":{"start":{"line":7,"column":0},"end":{"line":7,"column":21}}},"fnMap":{"0":{"name":"(anonymous_0)","decl":{"start":{"line":48,"column":4},"end":{"line":48,"column":23}},"loc":{"start":{"line":48,"column":50},"end":{"line":52,"column":5}}},"1":{"name":"(anonymous_1)","decl":{"start":{"line":49,"column":27},"end":{"line":49,"column":28}},"loc":{"start":{"line":49,"column":38},"end":{"line":51,"column":9}}},"2":{"name":"(anonymous_2)","decl":{"start":{"line":54,"column":4},"end":{"line":54,"column":22}},"loc":{"start":{"line":54,"column":22},"end":{"line":58,"column":5}}},"3":{"name":"(anonymous_3)","decl":{"start":{"line":60,"column":4},"end":{"line":60,"column":19}},"loc":{"start":{"line":60,"column":19},"end":{"line":78,"column":5}}},"4":{"name":"(anonymous_4)","decl":{"start":{"line":64,"column":42},"end":{"line":64,"column":43}},"loc":{"start":{"line":64,"column":55},"end":{"line":72,"column":9}}},"5":{"name":"(anonymous_5)","decl":{"start":{"line":66,"column":45},"end":{"line":66,"column":48}},"loc":{"start":{"line":66,"column":51},"end":{"line":66,"column":75}}},"6":{"name":"(anonymous_6)","decl":{"start":{"line":67,"column":46},"end":{"line":67,"column":49}},"loc":{"start":{"line":67,"column":52},"end":{"line":67,"column":70}}},"7":{"name":"(anonymous_7)","decl":{"start":{"line":74,"column":15},"end":{"line":74,"column":18}},"loc":{"start":{"line":74,"column":20},"end":{"line":77,"column":9}}},"8":{"name":"(anonymous_8)","decl":{"start":{"line":80,"column":4},"end":{"line":80,"column":14}},"loc":{"start":{"line":80,"column":14},"end":{"line":85,"column":5}}}},"branchMap":{"0":{"loc":{"start":{"line":55,"column":8},"end":{"line":57,"column":9}},"type":"if","locations":[{"start":{"line":55,"column":8},"end":{"line":57,"column":9}},{"start":{},"end":{}}]},"1":{"loc":{"start":{"line":65,"column":12},"end":{"line":71,"column":13}},"type":"if","locations":[{"start":{"line":65,"column":12},"end":{"line":71,"column":13}},{"start":{"line":68,"column":19},"end":{"line":71,"column":13}}]}},"s":{"0":1,"1":1,"2":1,"3":1,"4":2,"5":3,"6":2,"7":2,"8":2,"9":1,"10":1,"11":1,"12":1,"13":1,"14":1,"15":2,"16":2,"17":2,"18":1,"19":1,"20":1,"21":1,"22":1},"f":{"0":1,"1":2,"2":3,"3":2,"4":2,"5":1,"6":1,"7":2,"8":1},"b":{"0":[2,1],"1":[1,1]}}
,"C:\\Users\\I585624\\OneDrive - SAP SE\\Documents\\Projects\\autofin\\src\\services\\database.service.tsx": {"path":"C:\\Users\\I585624\\OneDrive - SAP SE\\Documents\\Projects\\autofin\\src\\services\\database.service.tsx","statementMap":{"0":{"start":{"line":2,"column":36},"end":{"line":2,"column":59}},"1":{"start":{"line":5,"column":8},"end":{"line":7,"column":17}},"2":{"start":{"line":6,"column":21},"end":{"line":6,"column":31}},"3":{"start":{"line":11,"column":8},"end":{"line":13,"column":17}},"4":{"start":{"line":12,"column":21},"end":{"line":12,"column":31}},"5":{"start":{"line":17,"column":8},"end":{"line":19,"column":17}},"6":{"start":{"line":18,"column":21},"end":{"line":18,"column":31}},"7":{"start":{"line":23,"column":8},"end":{"line":25,"column":17}},"8":{"start":{"line":24,"column":21},"end":{"line":24,"column":31}},"9":{"start":{"line":1,"column":0},"end":{"line":1,"column":21}}},"fnMap":{"0":{"name":"(anonymous_0)","decl":{"start":{"line":4,"column":4},"end":{"line":4,"column":10}},"loc":{"start":{"line":4,"column":32},"end":{"line":8,"column":5}}},"1":{"name":"(anonymous_1)","decl":{"start":{"line":6,"column":14},"end":{"line":6,"column":17}},"loc":{"start":{"line":6,"column":21},"end":{"line":6,"column":31}}},"2":{"name":"(anonymous_2)","decl":{"start":{"line":10,"column":4},"end":{"line":10,"column":10}},"loc":{"start":{"line":10,"column":27},"end":{"line":14,"column":5}}},"3":{"name":"(anonymous_3)","decl":{"start":{"line":12,"column":14},"end":{"line":12,"column":17}},"loc":{"start":{"line":12,"column":21},"end":{"line":12,"column":31}}},"4":{"name":"(anonymous_4)","decl":{"start":{"line":16,"column":4},"end":{"line":16,"column":10}},"loc":{"start":{"line":16,"column":31},"end":{"line":20,"column":5}}},"5":{"name":"(anonymous_5)","decl":{"start":{"line":18,"column":14},"end":{"line":18,"column":17}},"loc":{"start":{"line":18,"column":21},"end":{"line":18,"column":31}}},"6":{"name":"(anonymous_6)","decl":{"start":{"line":22,"column":4},"end":{"line":22,"column":10}},"loc":{"start":{"line":22,"column":28},"end":{"line":26,"column":5}}},"7":{"name":"(anonymous_7)","decl":{"start":{"line":24,"column":14},"end":{"line":24,"column":17}},"loc":{"start":{"line":24,"column":21},"end":{"line":24,"column":31}}}},"branchMap":{},"s":{"0":1,"1":0,"2":0,"3":0,"4":0,"5":0,"6":0,"7":0,"8":0,"9":1},"f":{"0":0,"1":0,"2":0,"3":0,"4":0,"5":0,"6":0,"7":0},"b":{}}
}
