TN:
SF:src\controller\add_transaction.controller.tsx
FN:57,(anonymous_0)
FN:75,(anonymous_1)
FN:76,(anonymous_2)
FN:81,(anonymous_3)
FN:87,(anonymous_4)
FN:92,(anonymous_5)
FN:93,(anonymous_6)
FN:96,(anonymous_7)
FN:102,(anonymous_8)
FN:115,(anonymous_9)
FNF:10
FNH:9
FNDA:1,(anonymous_0)
FNDA:2,(anonymous_1)
FNDA:4,(anonymous_2)
FNDA:3,(anonymous_3)
FNDA:2,(anonymous_4)
FNDA:1,(anonymous_5)
FNDA:1,(anonymous_6)
FNDA:2,(anonymous_7)
FNDA:1,(anonymous_8)
FNDA:0,(anonymous_9)
DA:1,1
DA:2,1
DA:5,1
DA:7,1
DA:58,1
DA:60,1
DA:61,1
DA:63,1
DA:64,1
DA:66,1
DA:67,1
DA:69,1
DA:70,1
DA:72,1
DA:76,2
DA:77,4
DA:82,3
DA:83,2
DA:91,2
DA:92,1
DA:93,1
DA:96,2
DA:97,2
DA:98,2
DA:103,1
DA:104,1
DA:105,1
DA:106,1
DA:116,0
DA:118,0
DA:119,0
DA:120,0
DA:122,0
LF:33
LH:28
BRDA:82,0,0,2
BRDA:82,0,1,1
BRDA:91,1,0,1
BRDA:91,1,1,1
BRDA:118,2,0,0
BRDA:118,2,1,0
BRF:6
BRH:4
end_of_record
TN:
SF:src\services\database.service.tsx
FN:4,(anonymous_0)
FN:6,(anonymous_1)
FN:10,(anonymous_2)
FN:12,(anonymous_3)
FN:16,(anonymous_4)
FN:18,(anonymous_5)
FN:22,(anonymous_6)
FN:24,(anonymous_7)
FN:28,(anonymous_8)
FN:30,(anonymous_9)
FN:34,(anonymous_10)
FN:36,(anonymous_11)
FN:40,(anonymous_12)
FN:42,(anonymous_13)
FNF:14
FNH:0
FNDA:0,(anonymous_0)
FNDA:0,(anonymous_1)
FNDA:0,(anonymous_2)
FNDA:0,(anonymous_3)
FNDA:0,(anonymous_4)
FNDA:0,(anonymous_5)
FNDA:0,(anonymous_6)
FNDA:0,(anonymous_7)
FNDA:0,(anonymous_8)
FNDA:0,(anonymous_9)
FNDA:0,(anonymous_10)
FNDA:0,(anonymous_11)
FNDA:0,(anonymous_12)
FNDA:0,(anonymous_13)
DA:1,1
DA:2,1
DA:5,0
DA:6,0
DA:11,0
DA:12,0
DA:17,0
DA:18,0
DA:23,0
DA:24,0
DA:29,0
DA:30,0
DA:35,0
DA:36,0
DA:41,0
DA:42,0
LF:16
LH:2
BRF:0
BRH:0
end_of_record
